[0.385s] Invoking command in '/home/shengbin/camera_ws/build/camera_calibration_parsers': CMAKE_PREFIX_PATH=/home/shengbin/camera_ws/install/camera_calibration_parsers:/home/shengbin/camera_ws/install/vision_opencv:/home/shengbin/camera_ws/install/v4l2_camera:/home/shengbin/camera_ws/install/image_transport_plugins:/home/shengbin/camera_ws/install/theora_image_transport:/home/shengbin/camera_ws/install/image_common:/home/shengbin/camera_ws/install/compressed_image_transport:/home/shengbin/camera_ws/install/compressed_depth_image_transport:/home/shengbin/camera_ws/install/image_transport:/home/shengbin/camera_ws/install/image_geometry:/home/shengbin/camera_ws/install/cv_bridge:/home/shengbin/camera_ws/install/camera_info_manager LD_LIBRARY_PATH=/home/shengbin/camera_ws/install/camera_calibration_parsers/lib:/home/shengbin/camera_ws/install/v4l2_camera/lib:/home/shengbin/camera_ws/install/theora_image_transport/lib:/home/shengbin/camera_ws/install/compressed_image_transport/lib:/home/shengbin/camera_ws/install/compressed_depth_image_transport/lib:/home/shengbin/camera_ws/install/image_transport/lib:/home/shengbin/camera_ws/install/image_geometry/lib:/home/shengbin/camera_ws/install/cv_bridge/lib:/home/shengbin/camera_ws/install/camera_info_manager/lib:/opt/ros/humble/opt/rviz_ogre_vendor/lib:/opt/ros/humble/lib/x86_64-linux-gnu:/opt/ros/humble/lib /usr/bin/ctest -C Release -D ExperimentalTest --no-compress-output -V --force-new-ctest-process
[0.396s] UpdateCTestConfiguration  from :/home/shengbin/camera_ws/build/camera_calibration_parsers/CTestConfiguration.ini
[0.396s] Parse Config file:/home/shengbin/camera_ws/build/camera_calibration_parsers/CTestConfiguration.ini
[0.396s]    Site: shengbin-Zenbook-UX3402VA-UX3402VA
[0.396s]    Build name: (empty)
[0.397s]  Add coverage exclude regular expressions.
[0.397s] Create new tag: 20231013-1152 - Experimental
[0.397s] UpdateCTestConfiguration  from :/home/shengbin/camera_ws/build/camera_calibration_parsers/CTestConfiguration.ini
[0.397s] Parse Config file:/home/shengbin/camera_ws/build/camera_calibration_parsers/CTestConfiguration.ini
[0.397s] Test project /home/shengbin/camera_ws/build/camera_calibration_parsers
[0.397s] Constructing a list of tests
[0.397s] Done constructing a list of tests
[0.397s] Updating test list for fixtures
[0.397s] Added 0 tests to meet fixture requirements
[0.397s] Checking test dependency graph...
[0.397s] Checking test dependency graph end
[0.397s] test 1
[0.397s]     Start 1: cpplint
[0.398s] 
[0.398s] 1: Test command: /usr/bin/python3.10 "-u" "/opt/ros/humble/share/ament_cmake_test/cmake/run_test.py" "/home/shengbin/camera_ws/build/camera_calibration_parsers/test_results/camera_calibration_parsers/cpplint.xunit.xml" "--package-name" "camera_calibration_parsers" "--output-file" "/home/shengbin/camera_ws/build/camera_calibration_parsers/ament_cpplint/cpplint.txt" "--command" "/opt/ros/humble/bin/ament_cpplint" "--xunit-file" "/home/shengbin/camera_ws/build/camera_calibration_parsers/test_results/camera_calibration_parsers/cpplint.xunit.xml"
[0.398s] 1: Test timeout computed to be: 120
[0.452s] 1: -- run_test.py: invoking following command in '/home/shengbin/camera_ws/src/image_common/camera_calibration_parsers':
[0.452s] 1:  - /opt/ros/humble/bin/ament_cpplint --xunit-file /home/shengbin/camera_ws/build/camera_calibration_parsers/test_results/camera_calibration_parsers/cpplint.xunit.xml
[0.784s] 1: Using '--root=/home/shengbin/camera_ws/src/image_common/camera_calibration_parsers/include' argument
[0.784s] 1: 
[0.784s] 1: Done processing /home/shengbin/camera_ws/src/image_common/camera_calibration_parsers/include/camera_calibration_parsers/parse.h
[0.784s] 1: 
[0.784s] 1: Done processing /home/shengbin/camera_ws/src/image_common/camera_calibration_parsers/include/camera_calibration_parsers/parse.hpp
[0.784s] 1: 
[0.784s] 1: Done processing /home/shengbin/camera_ws/src/image_common/camera_calibration_parsers/include/camera_calibration_parsers/parse_ini.h
[0.785s] 1: 
[0.785s] 1: Done processing /home/shengbin/camera_ws/src/image_common/camera_calibration_parsers/include/camera_calibration_parsers/parse_ini.hpp
[0.785s] 1: 
[0.785s] 1: Done processing /home/shengbin/camera_ws/src/image_common/camera_calibration_parsers/include/camera_calibration_parsers/parse_yml.h
[0.785s] 1: 
[0.785s] 1: Done processing /home/shengbin/camera_ws/src/image_common/camera_calibration_parsers/include/camera_calibration_parsers/parse_yml.hpp
[0.785s] 1: 
[0.785s] 1: Done processing /home/shengbin/camera_ws/src/image_common/camera_calibration_parsers/include/camera_calibration_parsers/visibility_control.hpp
[0.785s] 1: 
[0.785s] 1: Using '--root=/home/shengbin/camera_ws/src/image_common/camera_calibration_parsers/src' argument
[0.785s] 1: 
[0.785s] 1: Done processing /home/shengbin/camera_ws/src/image_common/camera_calibration_parsers/src/convert.cpp
[0.785s] 1: 
[0.785s] 1: Done processing /home/shengbin/camera_ws/src/image_common/camera_calibration_parsers/src/parse.cpp
[0.785s] 1: 
[0.786s] 1: Done processing /home/shengbin/camera_ws/src/image_common/camera_calibration_parsers/src/parse_ini.cpp
[0.786s] 1: 
[0.786s] 1: Done processing /home/shengbin/camera_ws/src/image_common/camera_calibration_parsers/src/parse_wrapper.cpp
[0.786s] 1: 
[0.786s] 1: Done processing /home/shengbin/camera_ws/src/image_common/camera_calibration_parsers/src/parse_yml.cpp
[0.786s] 1: 
[0.786s] 1: Using '--root=/home/shengbin/camera_ws/src/image_common/camera_calibration_parsers/test' argument
[0.786s] 1: 
[0.786s] 1: Done processing /home/shengbin/camera_ws/src/image_common/camera_calibration_parsers/test/make_calibs.hpp
[0.786s] 1: 
[0.786s] 1: Done processing /home/shengbin/camera_ws/src/image_common/camera_calibration_parsers/test/test_parse_ini.cpp
[0.786s] 1: 
[0.786s] 1: Done processing /home/shengbin/camera_ws/src/image_common/camera_calibration_parsers/test/test_parse_yml.cpp
[0.787s] 1: 
[0.787s] 1: No problems found
[0.796s] 1: -- run_test.py: return code 0
[0.796s] 1: -- run_test.py: verify result file '/home/shengbin/camera_ws/build/camera_calibration_parsers/test_results/camera_calibration_parsers/cpplint.xunit.xml'
[0.805s] 1/5 Test #1: cpplint ................................   Passed    0.41 sec
[0.805s] test 2
[0.806s]     Start 2: lint_cmake
[0.806s] 
[0.806s] 2: Test command: /usr/bin/python3.10 "-u" "/opt/ros/humble/share/ament_cmake_test/cmake/run_test.py" "/home/shengbin/camera_ws/build/camera_calibration_parsers/test_results/camera_calibration_parsers/lint_cmake.xunit.xml" "--package-name" "camera_calibration_parsers" "--output-file" "/home/shengbin/camera_ws/build/camera_calibration_parsers/ament_lint_cmake/lint_cmake.txt" "--command" "/opt/ros/humble/bin/ament_lint_cmake" "--xunit-file" "/home/shengbin/camera_ws/build/camera_calibration_parsers/test_results/camera_calibration_parsers/lint_cmake.xunit.xml"
[0.806s] 2: Test timeout computed to be: 60
[0.859s] 2: -- run_test.py: invoking following command in '/home/shengbin/camera_ws/src/image_common/camera_calibration_parsers':
[0.859s] 2:  - /opt/ros/humble/bin/ament_lint_cmake --xunit-file /home/shengbin/camera_ws/build/camera_calibration_parsers/test_results/camera_calibration_parsers/lint_cmake.xunit.xml
[0.916s] 2: 
[0.916s] 2: No problems found
[0.928s] 2: -- run_test.py: return code 0
[0.928s] 2: -- run_test.py: verify result file '/home/shengbin/camera_ws/build/camera_calibration_parsers/test_results/camera_calibration_parsers/lint_cmake.xunit.xml'
[0.940s] 2/5 Test #2: lint_cmake .............................   Passed    0.13 sec
[0.940s] test 3
[0.940s]     Start 3: uncrustify
[0.940s] 
[0.940s] 3: Test command: /usr/bin/python3.10 "-u" "/opt/ros/humble/share/ament_cmake_test/cmake/run_test.py" "/home/shengbin/camera_ws/build/camera_calibration_parsers/test_results/camera_calibration_parsers/uncrustify.xunit.xml" "--package-name" "camera_calibration_parsers" "--output-file" "/home/shengbin/camera_ws/build/camera_calibration_parsers/ament_uncrustify/uncrustify.txt" "--command" "/opt/ros/humble/bin/ament_uncrustify" "--xunit-file" "/home/shengbin/camera_ws/build/camera_calibration_parsers/test_results/camera_calibration_parsers/uncrustify.xunit.xml"
[0.940s] 3: Test timeout computed to be: 60
[0.986s] 3: -- run_test.py: invoking following command in '/home/shengbin/camera_ws/src/image_common/camera_calibration_parsers':
[0.986s] 3:  - /opt/ros/humble/bin/ament_uncrustify --xunit-file /home/shengbin/camera_ws/build/camera_calibration_parsers/test_results/camera_calibration_parsers/uncrustify.xunit.xml
[1.076s] 3: No code style divergence in file 'include/camera_calibration_parsers/parse.h'
[1.076s] 3: 
[1.076s] 3: No code style divergence in file 'include/camera_calibration_parsers/parse.hpp'
[1.077s] 3: 
[1.077s] 3: No code style divergence in file 'include/camera_calibration_parsers/parse_ini.h'
[1.077s] 3: 
[1.077s] 3: No code style divergence in file 'include/camera_calibration_parsers/parse_ini.hpp'
[1.077s] 3: 
[1.077s] 3: No code style divergence in file 'include/camera_calibration_parsers/parse_yml.h'
[1.077s] 3: 
[1.077s] 3: No code style divergence in file 'include/camera_calibration_parsers/parse_yml.hpp'
[1.077s] 3: 
[1.077s] 3: No code style divergence in file 'include/camera_calibration_parsers/visibility_control.hpp'
[1.077s] 3: 
[1.077s] 3: No code style divergence in file 'src/convert.cpp'
[1.078s] 3: 
[1.078s] 3: No code style divergence in file 'src/parse.cpp'
[1.078s] 3: 
[1.078s] 3: No code style divergence in file 'src/parse_ini.cpp'
[1.078s] 3: 
[1.078s] 3: No code style divergence in file 'src/parse_wrapper.cpp'
[1.078s] 3: 
[1.078s] 3: No code style divergence in file 'src/parse_yml.cpp'
[1.078s] 3: 
[1.078s] 3: No code style divergence in file 'test/make_calibs.hpp'
[1.078s] 3: 
[1.078s] 3: No code style divergence in file 'test/test_parse_ini.cpp'
[1.078s] 3: 
[1.079s] 3: No code style divergence in file 'test/test_parse_yml.cpp'
[1.079s] 3: 
[1.079s] 3: No problems found
[1.084s] 3: -- run_test.py: return code 0
[1.084s] 3: -- run_test.py: verify result file '/home/shengbin/camera_ws/build/camera_calibration_parsers/test_results/camera_calibration_parsers/uncrustify.xunit.xml'
[1.093s] 3/5 Test #3: uncrustify .............................   Passed    0.15 sec
[1.093s] test 4
[1.093s]     Start 4: camera_calibration_parsers-parse_ini
[1.093s] 
[1.093s] 4: Test command: /usr/bin/python3.10 "-u" "/opt/ros/humble/share/ament_cmake_test/cmake/run_test.py" "/home/shengbin/camera_ws/build/camera_calibration_parsers/test_results/camera_calibration_parsers/camera_calibration_parsers-parse_ini.gtest.xml" "--package-name" "camera_calibration_parsers" "--output-file" "/home/shengbin/camera_ws/build/camera_calibration_parsers/ament_cmake_gtest/camera_calibration_parsers-parse_ini.txt" "--command" "/home/shengbin/camera_ws/build/camera_calibration_parsers/camera_calibration_parsers-parse_ini" "--gtest_output=xml:/home/shengbin/camera_ws/build/camera_calibration_parsers/test_results/camera_calibration_parsers/camera_calibration_parsers-parse_ini.gtest.xml"
[1.093s] 4: Test timeout computed to be: 60
[1.135s] 4: -- run_test.py: invoking following command in '/home/shengbin/camera_ws/build/camera_calibration_parsers':
[1.135s] 4:  - /home/shengbin/camera_ws/build/camera_calibration_parsers/camera_calibration_parsers-parse_ini --gtest_output=xml:/home/shengbin/camera_ws/build/camera_calibration_parsers/test_results/camera_calibration_parsers/camera_calibration_parsers-parse_ini.gtest.xml
[1.140s] 4: Running main() from /opt/ros/humble/src/gtest_vendor/src/gtest_main.cc
[1.140s] 4: [==========] Running 6 tests from 1 test suite.
[1.140s] 4: [----------] Global test environment set-up.
[1.140s] 4: [----------] 6 tests from ParseIni
[1.140s] 4: [ RUN      ] ParseIni.parse_valid_ini_calib5
[1.140s] 4: [       OK ] ParseIni.parse_valid_ini_calib5 (0 ms)
[1.140s] 4: [ RUN      ] ParseIni.parse_valid_ini_calib8
[1.140s] 4: [       OK ] ParseIni.parse_valid_ini_calib8 (0 ms)
[1.140s] 4: [ RUN      ] ParseIni.parse_invalid_ini_calib5
[1.140s] 4: [ERROR] [1697197962.786012073] [camera_calibration_parsers]: Error parsing 'camera matrix', incorrect size
[1.140s] 4: [       OK ] ParseIni.parse_invalid_ini_calib5 (1 ms)
[1.141s] 4: [ RUN      ] ParseIni.parse_invalid_ini_calib5_2
[1.141s] 4: [ERROR] [1697197962.786038305] [camera_calibration_parsers]: Error parsing 'camera matrix', incorrect size
[1.141s] 4: [       OK ] ParseIni.parse_invalid_ini_calib5_2 (0 ms)
[1.141s] 4: [ RUN      ] ParseIni.roundtrip_calib5
[1.141s] 4: [       OK ] ParseIni.roundtrip_calib5 (0 ms)
[1.141s] 4: [ RUN      ] ParseIni.cant_write_calib8
[1.141s] 4: [ERROR] [1697197962.786243218] [camera_calibration_parsers]: Videre INI format can only save calibrations using the plumb bob distortion model. Use the YAML format instead.
[1.141s] 4: 	distortion_model = 'rational_polynomial', expected 'plumb_bob'
[1.141s] 4: 	D.size() = 8, expected 5
[1.141s] 4: [       OK ] ParseIni.cant_write_calib8 (0 ms)
[1.141s] 4: [----------] 6 tests from ParseIni (1 ms total)
[1.141s] 4: 
[1.141s] 4: [----------] Global test environment tear-down
[1.142s] 4: [==========] 6 tests from 1 test suite ran. (1 ms total)
[1.142s] 4: [  PASSED  ] 6 tests.
[1.142s] 4: -- run_test.py: return code 0
[1.142s] 4: -- run_test.py: inject classname prefix into gtest result file '/home/shengbin/camera_ws/build/camera_calibration_parsers/test_results/camera_calibration_parsers/camera_calibration_parsers-parse_ini.gtest.xml'
[1.142s] 4: -- run_test.py: verify result file '/home/shengbin/camera_ws/build/camera_calibration_parsers/test_results/camera_calibration_parsers/camera_calibration_parsers-parse_ini.gtest.xml'
[1.147s] 4/5 Test #4: camera_calibration_parsers-parse_ini ...   Passed    0.05 sec
[1.147s] test 5
[1.147s]     Start 5: camera_calibration_parsers-parse_yml
[1.147s] 
[1.147s] 5: Test command: /usr/bin/python3.10 "-u" "/opt/ros/humble/share/ament_cmake_test/cmake/run_test.py" "/home/shengbin/camera_ws/build/camera_calibration_parsers/test_results/camera_calibration_parsers/camera_calibration_parsers-parse_yml.gtest.xml" "--package-name" "camera_calibration_parsers" "--output-file" "/home/shengbin/camera_ws/build/camera_calibration_parsers/ament_cmake_gtest/camera_calibration_parsers-parse_yml.txt" "--command" "/home/shengbin/camera_ws/build/camera_calibration_parsers/camera_calibration_parsers-parse_yml" "--gtest_output=xml:/home/shengbin/camera_ws/build/camera_calibration_parsers/test_results/camera_calibration_parsers/camera_calibration_parsers-parse_yml.gtest.xml"
[1.147s] 5: Test timeout computed to be: 60
[1.192s] 5: -- run_test.py: invoking following command in '/home/shengbin/camera_ws/build/camera_calibration_parsers':
[1.192s] 5:  - /home/shengbin/camera_ws/build/camera_calibration_parsers/camera_calibration_parsers-parse_yml --gtest_output=xml:/home/shengbin/camera_ws/build/camera_calibration_parsers/test_results/camera_calibration_parsers/camera_calibration_parsers-parse_yml.gtest.xml
[1.196s] 5: Running main() from /opt/ros/humble/src/gtest_vendor/src/gtest_main.cc
[1.196s] 5: [==========] Running 5 tests from 1 test suite.
[1.197s] 5: [----------] Global test environment set-up.
[1.197s] 5: [----------] 5 tests from ParseYml
[1.197s] 5: [ RUN      ] ParseYml.parse_valid_yml_calib5
[1.197s] 5: [       OK ] ParseYml.parse_valid_yml_calib5 (0 ms)
[1.197s] 5: [ RUN      ] ParseYml.parse_valid_yml_calib8
[1.197s] 5: [       OK ] ParseYml.parse_valid_yml_calib8 (0 ms)
[1.197s] 5: [ RUN      ] ParseYml.parse_invalid_yml_calib5
[1.197s] 5: [WARN] [1697197962.843157345] [camera_calibration_parsers]: Exception parsing YAML camera calibration:
[1.197s] 5: invalid node; first invalid key: "rows"
[1.197s] 5: [       OK ] ParseYml.parse_invalid_yml_calib5 (1 ms)
[1.197s] 5: [ RUN      ] ParseYml.roundtrip_calib5
[1.198s] 5: [       OK ] ParseYml.roundtrip_calib5 (0 ms)
[1.198s] 5: [ RUN      ] ParseYml.roundtrip_calib8
[1.198s] 5: [       OK ] ParseYml.roundtrip_calib8 (0 ms)
[1.198s] 5: [----------] 5 tests from ParseYml (1 ms total)
[1.198s] 5: 
[1.198s] 5: [----------] Global test environment tear-down
[1.198s] 5: [==========] 5 tests from 1 test suite ran. (1 ms total)
[1.198s] 5: [  PASSED  ] 5 tests.
[1.198s] 5: -- run_test.py: return code 0
[1.198s] 5: -- run_test.py: inject classname prefix into gtest result file '/home/shengbin/camera_ws/build/camera_calibration_parsers/test_results/camera_calibration_parsers/camera_calibration_parsers-parse_yml.gtest.xml'
[1.198s] 5: -- run_test.py: verify result file '/home/shengbin/camera_ws/build/camera_calibration_parsers/test_results/camera_calibration_parsers/camera_calibration_parsers-parse_yml.gtest.xml'
[1.204s] 5/5 Test #5: camera_calibration_parsers-parse_yml ...   Passed    0.06 sec
[1.204s] 
[1.204s] [0;32m100% tests passed[0;0m, 0 tests failed[0;0m out of 5
[1.204s] 
[1.205s] Label Time Summary:
[1.205s] cpplint       =   0.41 sec*proc (1 test)
[1.205s] gtest         =   0.11 sec*proc (2 tests)
[1.205s] lint_cmake    =   0.13 sec*proc (1 test)
[1.205s] linter        =   0.70 sec*proc (3 tests)
[1.205s] uncrustify    =   0.15 sec*proc (1 test)
[1.205s] 
[1.205s] Total Test time (real) =   0.81 sec
[1.209s] Invoked command in '/home/shengbin/camera_ws/build/camera_calibration_parsers' returned '0': CMAKE_PREFIX_PATH=/home/shengbin/camera_ws/install/camera_calibration_parsers:/home/shengbin/camera_ws/install/vision_opencv:/home/shengbin/camera_ws/install/v4l2_camera:/home/shengbin/camera_ws/install/image_transport_plugins:/home/shengbin/camera_ws/install/theora_image_transport:/home/shengbin/camera_ws/install/image_common:/home/shengbin/camera_ws/install/compressed_image_transport:/home/shengbin/camera_ws/install/compressed_depth_image_transport:/home/shengbin/camera_ws/install/image_transport:/home/shengbin/camera_ws/install/image_geometry:/home/shengbin/camera_ws/install/cv_bridge:/home/shengbin/camera_ws/install/camera_info_manager LD_LIBRARY_PATH=/home/shengbin/camera_ws/install/camera_calibration_parsers/lib:/home/shengbin/camera_ws/install/v4l2_camera/lib:/home/shengbin/camera_ws/install/theora_image_transport/lib:/home/shengbin/camera_ws/install/compressed_image_transport/lib:/home/shengbin/camera_ws/install/compressed_depth_image_transport/lib:/home/shengbin/camera_ws/install/image_transport/lib:/home/shengbin/camera_ws/install/image_geometry/lib:/home/shengbin/camera_ws/install/cv_bridge/lib:/home/shengbin/camera_ws/install/camera_info_manager/lib:/opt/ros/humble/opt/rviz_ogre_vendor/lib:/opt/ros/humble/lib/x86_64-linux-gnu:/opt/ros/humble/lib /usr/bin/ctest -C Release -D ExperimentalTest --no-compress-output -V --force-new-ctest-process
