[0.277s] Invoking command in '/home/shengbin/camera_ws/build/cv_bridge': CMAKE_PREFIX_PATH=${CMAKE_PREFIX_PATH}:/home/shengbin/camera_ws/install/opencv_tests:/home/shengbin/camera_ws/install/camera:/home/shengbin/hornet/install/opencv_tests:/opt/ros/humble /usr/bin/cmake --build /home/shengbin/camera_ws/build/cv_bridge -- -j16 -l16
[0.319s] [35m[1mConsolidate compiler generated dependencies of target cv_bridge[0m
[0.328s] failed to create symbolic link '/home/shengbin/camera_ws/build/cv_bridge/ament_cmake_python/cv_bridge/cv_bridge' because existing path cannot be removed: Is a directory
[0.329s] gmake[2]: *** [CMakeFiles/ament_cmake_python_symlink_cv_bridge.dir/build.make:70: CMakeFiles/ament_cmake_python_symlink_cv_bridge] Error 1
[0.329s] gmake[1]: *** [CMakeFiles/Makefile2:193: CMakeFiles/ament_cmake_python_symlink_cv_bridge.dir/all] Error 2
[0.330s] gmake[1]: *** Waiting for unfinished jobs....
[0.333s] [ 25%] Built target gtest
[0.333s] [ 25%] Built target gtest_main
[0.338s] [ 43%] Built target cv_bridge
[0.339s] gmake: *** [Makefile:146: all] Error 2
[0.534s] Invoked command in '/home/shengbin/camera_ws/build/cv_bridge' returned '2': CMAKE_PREFIX_PATH=${CMAKE_PREFIX_PATH}:/home/shengbin/camera_ws/install/opencv_tests:/home/shengbin/camera_ws/install/camera:/home/shengbin/hornet/install/opencv_tests:/opt/ros/humble /usr/bin/cmake --build /home/shengbin/camera_ws/build/cv_bridge -- -j16 -l16
