[0.263s] Invoking command in '/home/shengbin/camera_ws/build/cv_bridge': CMAKE_PREFIX_PATH=/home/shengbin/camera_ws/install/camera:/opt/ros/humble /usr/bin/cmake --build /home/shengbin/camera_ws/build/cv_bridge -- -j16 -l16
[0.290s] [35m[1mConsolidate compiler generated dependencies of target gtest[0m
[0.290s] [35m[1mConsolidate compiler generated dependencies of target cv_bridge[0m
[0.293s] [35m[1mConsolidate compiler generated dependencies of target gtest_main[0m
[0.307s] failed to create symbolic link '/home/shengbin/camera_ws/build/cv_bridge/ament_cmake_python/cv_bridge/cv_bridge' because existing path cannot be removed: Is a directory
[0.307s] [ 12%] Built target gtest_main
[0.308s] gmake[2]: *** [CMakeFiles/ament_cmake_python_symlink_cv_bridge.dir/build.make:70: CMakeFiles/ament_cmake_python_symlink_cv_bridge] Error 1
[0.308s] gmake[1]: *** [CMakeFiles/Makefile2:193: CMakeFiles/ament_cmake_python_symlink_cv_bridge.dir/all] Error 2
[0.308s] gmake[1]: *** Waiting for unfinished jobs....
[0.310s] [ 43%] Built target cv_bridge
[0.310s] [ 43%] Built target gtest
[0.311s] gmake: *** [Makefile:146: all] Error 2
[0.717s] Invoked command in '/home/shengbin/camera_ws/build/cv_bridge' returned '2': CMAKE_PREFIX_PATH=/home/shengbin/camera_ws/install/camera:/opt/ros/humble /usr/bin/cmake --build /home/shengbin/camera_ws/build/cv_bridge -- -j16 -l16
