<?xml version="1.0" encoding="UTF-8"?>
<Site BuildName="(empty)"
	BuildStamp="20231013-1152-Experimental"
	Name="shengbin-Zenbook-UX3402VA-UX3402VA"
	Generator="ctest-3.22.1"
	CompilerName="/usr/bin/c++"
	CompilerVersion="11.4.0"
	OSName="Linux"
	Hostname="shengbin-Zenbook-UX3402VA-UX3402VA"
	OSRelease="6.2.0-34-generic"
	OSVersion="#34~22.04.1-Ubuntu SMP PREEMPT_DYNAMIC Thu Sep  7 13:12:03 UTC 2"
	OSPlatform="x86_64"
	Is64Bits="1"
	VendorString="GenuineIntel"
	VendorID="Intel Corporation"
	FamilyID="6"
	ModelID="186"
	ProcessorCacheSize="18432"
	NumberOfLogicalCPU="16"
	NumberOfPhysicalCPU="12"
	TotalVirtualMemory="2047"
	TotalPhysicalMemory="15603"
	LogicalProcessorsPerPhysical="1"
	ProcessorClockFrequency="3500"
	>
	<Testing>
		<StartDateTime>Oct 13 19:52 +08</StartDateTime>
		<StartTestTime>1697197962</StartTestTime>
		<TestList>
			<Test>./cpplint</Test>
			<Test>./lint_cmake</Test>
			<Test>./uncrustify</Test>
			<Test>./camera_calibration_parsers-parse_ini</Test>
			<Test>./camera_calibration_parsers-parse_yml</Test>
		</TestList>
		<Test Status="passed">
			<Name>cpplint</Name>
			<Path>.</Path>
			<FullName>./cpplint</FullName>
			<FullCommandLine>/usr/bin/python3.10 "-u" "/opt/ros/humble/share/ament_cmake_test/cmake/run_test.py" "/home/shengbin/camera_ws/build/camera_calibration_parsers/test_results/camera_calibration_parsers/cpplint.xunit.xml" "--package-name" "camera_calibration_parsers" "--output-file" "/home/shengbin/camera_ws/build/camera_calibration_parsers/ament_cpplint/cpplint.txt" "--command" "/opt/ros/humble/bin/ament_cpplint" "--xunit-file" "/home/shengbin/camera_ws/build/camera_calibration_parsers/test_results/camera_calibration_parsers/cpplint.xunit.xml"</FullCommandLine>
			<Results>
				<NamedMeasurement type="numeric/double" name="Execution Time">
					<Value>0.413957</Value>
				</NamedMeasurement>
				<NamedMeasurement type="numeric/double" name="Processors">
					<Value>1</Value>
				</NamedMeasurement>
				<NamedMeasurement type="text/string" name="Completion Status">
					<Value>Completed</Value>
				</NamedMeasurement>
				<NamedMeasurement type="text/string" name="Command Line">
					<Value>/usr/bin/python3.10 "-u" "/opt/ros/humble/share/ament_cmake_test/cmake/run_test.py" "/home/shengbin/camera_ws/build/camera_calibration_parsers/test_results/camera_calibration_parsers/cpplint.xunit.xml" "--package-name" "camera_calibration_parsers" "--output-file" "/home/shengbin/camera_ws/build/camera_calibration_parsers/ament_cpplint/cpplint.txt" "--command" "/opt/ros/humble/bin/ament_cpplint" "--xunit-file" "/home/shengbin/camera_ws/build/camera_calibration_parsers/test_results/camera_calibration_parsers/cpplint.xunit.xml"</Value>
				</NamedMeasurement>
				<NamedMeasurement type="text/string" name="Environment">
					<Value>#CTEST_RESOURCE_GROUP_COUNT=</Value>
				</NamedMeasurement>
				<Measurement>
					<Value>-- run_test.py: invoking following command in '/home/shengbin/camera_ws/src/image_common/camera_calibration_parsers':
 - /opt/ros/humble/bin/ament_cpplint --xunit-file /home/shengbin/camera_ws/build/camera_calibration_parsers/test_results/camera_calibration_parsers/cpplint.xunit.xml
Using '--root=/home/shengbin/camera_ws/src/image_common/camera_calibration_parsers/include' argument

Done processing /home/shengbin/camera_ws/src/image_common/camera_calibration_parsers/include/camera_calibration_parsers/parse.h

Done processing /home/shengbin/camera_ws/src/image_common/camera_calibration_parsers/include/camera_calibration_parsers/parse.hpp

Done processing /home/shengbin/camera_ws/src/image_common/camera_calibration_parsers/include/camera_calibration_parsers/parse_ini.h

Done processing /home/shengbin/camera_ws/src/image_common/camera_calibration_parsers/include/camera_calibration_parsers/parse_ini.hpp

Done processing /home/shengbin/camera_ws/src/image_common/camera_calibration_parsers/include/camera_calibration_parsers/parse_yml.h

Done processing /home/shengbin/camera_ws/src/image_common/camera_calibration_parsers/include/camera_calibration_parsers/parse_yml.hpp

Done processing /home/shengbin/camera_ws/src/image_common/camera_calibration_parsers/include/camera_calibration_parsers/visibility_control.hpp

Using '--root=/home/shengbin/camera_ws/src/image_common/camera_calibration_parsers/src' argument

Done processing /home/shengbin/camera_ws/src/image_common/camera_calibration_parsers/src/convert.cpp

Done processing /home/shengbin/camera_ws/src/image_common/camera_calibration_parsers/src/parse.cpp

Done processing /home/shengbin/camera_ws/src/image_common/camera_calibration_parsers/src/parse_ini.cpp

Done processing /home/shengbin/camera_ws/src/image_common/camera_calibration_parsers/src/parse_wrapper.cpp

Done processing /home/shengbin/camera_ws/src/image_common/camera_calibration_parsers/src/parse_yml.cpp

Using '--root=/home/shengbin/camera_ws/src/image_common/camera_calibration_parsers/test' argument

Done processing /home/shengbin/camera_ws/src/image_common/camera_calibration_parsers/test/make_calibs.hpp

Done processing /home/shengbin/camera_ws/src/image_common/camera_calibration_parsers/test/test_parse_ini.cpp

Done processing /home/shengbin/camera_ws/src/image_common/camera_calibration_parsers/test/test_parse_yml.cpp

No problems found
-- run_test.py: return code 0
-- run_test.py: verify result file '/home/shengbin/camera_ws/build/camera_calibration_parsers/test_results/camera_calibration_parsers/cpplint.xunit.xml'
</Value>
				</Measurement>
			</Results>
			<Labels>
				<Label>cpplint</Label>
				<Label>linter</Label>
			</Labels>
		</Test>
		<Test Status="passed">
			<Name>lint_cmake</Name>
			<Path>.</Path>
			<FullName>./lint_cmake</FullName>
			<FullCommandLine>/usr/bin/python3.10 "-u" "/opt/ros/humble/share/ament_cmake_test/cmake/run_test.py" "/home/shengbin/camera_ws/build/camera_calibration_parsers/test_results/camera_calibration_parsers/lint_cmake.xunit.xml" "--package-name" "camera_calibration_parsers" "--output-file" "/home/shengbin/camera_ws/build/camera_calibration_parsers/ament_lint_cmake/lint_cmake.txt" "--command" "/opt/ros/humble/bin/ament_lint_cmake" "--xunit-file" "/home/shengbin/camera_ws/build/camera_calibration_parsers/test_results/camera_calibration_parsers/lint_cmake.xunit.xml"</FullCommandLine>
			<Results>
				<NamedMeasurement type="numeric/double" name="Execution Time">
					<Value>0.134008</Value>
				</NamedMeasurement>
				<NamedMeasurement type="numeric/double" name="Processors">
					<Value>1</Value>
				</NamedMeasurement>
				<NamedMeasurement type="text/string" name="Completion Status">
					<Value>Completed</Value>
				</NamedMeasurement>
				<NamedMeasurement type="text/string" name="Command Line">
					<Value>/usr/bin/python3.10 "-u" "/opt/ros/humble/share/ament_cmake_test/cmake/run_test.py" "/home/shengbin/camera_ws/build/camera_calibration_parsers/test_results/camera_calibration_parsers/lint_cmake.xunit.xml" "--package-name" "camera_calibration_parsers" "--output-file" "/home/shengbin/camera_ws/build/camera_calibration_parsers/ament_lint_cmake/lint_cmake.txt" "--command" "/opt/ros/humble/bin/ament_lint_cmake" "--xunit-file" "/home/shengbin/camera_ws/build/camera_calibration_parsers/test_results/camera_calibration_parsers/lint_cmake.xunit.xml"</Value>
				</NamedMeasurement>
				<NamedMeasurement type="text/string" name="Environment">
					<Value>#CTEST_RESOURCE_GROUP_COUNT=</Value>
				</NamedMeasurement>
				<Measurement>
					<Value>-- run_test.py: invoking following command in '/home/shengbin/camera_ws/src/image_common/camera_calibration_parsers':
 - /opt/ros/humble/bin/ament_lint_cmake --xunit-file /home/shengbin/camera_ws/build/camera_calibration_parsers/test_results/camera_calibration_parsers/lint_cmake.xunit.xml

No problems found
-- run_test.py: return code 0
-- run_test.py: verify result file '/home/shengbin/camera_ws/build/camera_calibration_parsers/test_results/camera_calibration_parsers/lint_cmake.xunit.xml'
</Value>
				</Measurement>
			</Results>
			<Labels>
				<Label>lint_cmake</Label>
				<Label>linter</Label>
			</Labels>
		</Test>
		<Test Status="passed">
			<Name>uncrustify</Name>
			<Path>.</Path>
			<FullName>./uncrustify</FullName>
			<FullCommandLine>/usr/bin/python3.10 "-u" "/opt/ros/humble/share/ament_cmake_test/cmake/run_test.py" "/home/shengbin/camera_ws/build/camera_calibration_parsers/test_results/camera_calibration_parsers/uncrustify.xunit.xml" "--package-name" "camera_calibration_parsers" "--output-file" "/home/shengbin/camera_ws/build/camera_calibration_parsers/ament_uncrustify/uncrustify.txt" "--command" "/opt/ros/humble/bin/ament_uncrustify" "--xunit-file" "/home/shengbin/camera_ws/build/camera_calibration_parsers/test_results/camera_calibration_parsers/uncrustify.xunit.xml"</FullCommandLine>
			<Results>
				<NamedMeasurement type="numeric/double" name="Execution Time">
					<Value>0.153269</Value>
				</NamedMeasurement>
				<NamedMeasurement type="numeric/double" name="Processors">
					<Value>1</Value>
				</NamedMeasurement>
				<NamedMeasurement type="text/string" name="Completion Status">
					<Value>Completed</Value>
				</NamedMeasurement>
				<NamedMeasurement type="text/string" name="Command Line">
					<Value>/usr/bin/python3.10 "-u" "/opt/ros/humble/share/ament_cmake_test/cmake/run_test.py" "/home/shengbin/camera_ws/build/camera_calibration_parsers/test_results/camera_calibration_parsers/uncrustify.xunit.xml" "--package-name" "camera_calibration_parsers" "--output-file" "/home/shengbin/camera_ws/build/camera_calibration_parsers/ament_uncrustify/uncrustify.txt" "--command" "/opt/ros/humble/bin/ament_uncrustify" "--xunit-file" "/home/shengbin/camera_ws/build/camera_calibration_parsers/test_results/camera_calibration_parsers/uncrustify.xunit.xml"</Value>
				</NamedMeasurement>
				<NamedMeasurement type="text/string" name="Environment">
					<Value>#CTEST_RESOURCE_GROUP_COUNT=</Value>
				</NamedMeasurement>
				<Measurement>
					<Value>-- run_test.py: invoking following command in '/home/shengbin/camera_ws/src/image_common/camera_calibration_parsers':
 - /opt/ros/humble/bin/ament_uncrustify --xunit-file /home/shengbin/camera_ws/build/camera_calibration_parsers/test_results/camera_calibration_parsers/uncrustify.xunit.xml
No code style divergence in file 'include/camera_calibration_parsers/parse.h'

No code style divergence in file 'include/camera_calibration_parsers/parse.hpp'

No code style divergence in file 'include/camera_calibration_parsers/parse_ini.h'

No code style divergence in file 'include/camera_calibration_parsers/parse_ini.hpp'

No code style divergence in file 'include/camera_calibration_parsers/parse_yml.h'

No code style divergence in file 'include/camera_calibration_parsers/parse_yml.hpp'

No code style divergence in file 'include/camera_calibration_parsers/visibility_control.hpp'

No code style divergence in file 'src/convert.cpp'

No code style divergence in file 'src/parse.cpp'

No code style divergence in file 'src/parse_ini.cpp'

No code style divergence in file 'src/parse_wrapper.cpp'

No code style divergence in file 'src/parse_yml.cpp'

No code style divergence in file 'test/make_calibs.hpp'

No code style divergence in file 'test/test_parse_ini.cpp'

No code style divergence in file 'test/test_parse_yml.cpp'

No problems found
-- run_test.py: return code 0
-- run_test.py: verify result file '/home/shengbin/camera_ws/build/camera_calibration_parsers/test_results/camera_calibration_parsers/uncrustify.xunit.xml'
</Value>
				</Measurement>
			</Results>
			<Labels>
				<Label>linter</Label>
				<Label>uncrustify</Label>
			</Labels>
		</Test>
		<Test Status="passed">
			<Name>camera_calibration_parsers-parse_ini</Name>
			<Path>.</Path>
			<FullName>./camera_calibration_parsers-parse_ini</FullName>
			<FullCommandLine>/usr/bin/python3.10 "-u" "/opt/ros/humble/share/ament_cmake_test/cmake/run_test.py" "/home/shengbin/camera_ws/build/camera_calibration_parsers/test_results/camera_calibration_parsers/camera_calibration_parsers-parse_ini.gtest.xml" "--package-name" "camera_calibration_parsers" "--output-file" "/home/shengbin/camera_ws/build/camera_calibration_parsers/ament_cmake_gtest/camera_calibration_parsers-parse_ini.txt" "--command" "/home/shengbin/camera_ws/build/camera_calibration_parsers/camera_calibration_parsers-parse_ini" "--gtest_output=xml:/home/shengbin/camera_ws/build/camera_calibration_parsers/test_results/camera_calibration_parsers/camera_calibration_parsers-parse_ini.gtest.xml"</FullCommandLine>
			<Results>
				<NamedMeasurement type="numeric/double" name="Execution Time">
					<Value>0.0535003</Value>
				</NamedMeasurement>
				<NamedMeasurement type="numeric/double" name="Processors">
					<Value>1</Value>
				</NamedMeasurement>
				<NamedMeasurement type="text/string" name="Completion Status">
					<Value>Completed</Value>
				</NamedMeasurement>
				<NamedMeasurement type="text/string" name="Command Line">
					<Value>/usr/bin/python3.10 "-u" "/opt/ros/humble/share/ament_cmake_test/cmake/run_test.py" "/home/shengbin/camera_ws/build/camera_calibration_parsers/test_results/camera_calibration_parsers/camera_calibration_parsers-parse_ini.gtest.xml" "--package-name" "camera_calibration_parsers" "--output-file" "/home/shengbin/camera_ws/build/camera_calibration_parsers/ament_cmake_gtest/camera_calibration_parsers-parse_ini.txt" "--command" "/home/shengbin/camera_ws/build/camera_calibration_parsers/camera_calibration_parsers-parse_ini" "--gtest_output=xml:/home/shengbin/camera_ws/build/camera_calibration_parsers/test_results/camera_calibration_parsers/camera_calibration_parsers-parse_ini.gtest.xml"</Value>
				</NamedMeasurement>
				<NamedMeasurement type="text/string" name="Environment">
					<Value>#CTEST_RESOURCE_GROUP_COUNT=</Value>
				</NamedMeasurement>
				<Measurement>
					<Value>-- run_test.py: invoking following command in '/home/shengbin/camera_ws/build/camera_calibration_parsers':
 - /home/shengbin/camera_ws/build/camera_calibration_parsers/camera_calibration_parsers-parse_ini --gtest_output=xml:/home/shengbin/camera_ws/build/camera_calibration_parsers/test_results/camera_calibration_parsers/camera_calibration_parsers-parse_ini.gtest.xml
Running main() from /opt/ros/humble/src/gtest_vendor/src/gtest_main.cc
[==========] Running 6 tests from 1 test suite.
[----------] Global test environment set-up.
[----------] 6 tests from ParseIni
[ RUN      ] ParseIni.parse_valid_ini_calib5
[       OK ] ParseIni.parse_valid_ini_calib5 (0 ms)
[ RUN      ] ParseIni.parse_valid_ini_calib8
[       OK ] ParseIni.parse_valid_ini_calib8 (0 ms)
[ RUN      ] ParseIni.parse_invalid_ini_calib5
[ERROR] [1697197962.786012073] [camera_calibration_parsers]: Error parsing 'camera matrix', incorrect size
[       OK ] ParseIni.parse_invalid_ini_calib5 (1 ms)
[ RUN      ] ParseIni.parse_invalid_ini_calib5_2
[ERROR] [1697197962.786038305] [camera_calibration_parsers]: Error parsing 'camera matrix', incorrect size
[       OK ] ParseIni.parse_invalid_ini_calib5_2 (0 ms)
[ RUN      ] ParseIni.roundtrip_calib5
[       OK ] ParseIni.roundtrip_calib5 (0 ms)
[ RUN      ] ParseIni.cant_write_calib8
[ERROR] [1697197962.786243218] [camera_calibration_parsers]: Videre INI format can only save calibrations using the plumb bob distortion model. Use the YAML format instead.
	distortion_model = 'rational_polynomial', expected 'plumb_bob'
	D.size() = 8, expected 5
[       OK ] ParseIni.cant_write_calib8 (0 ms)
[----------] 6 tests from ParseIni (1 ms total)

[----------] Global test environment tear-down
[==========] 6 tests from 1 test suite ran. (1 ms total)
[  PASSED  ] 6 tests.
-- run_test.py: return code 0
-- run_test.py: inject classname prefix into gtest result file '/home/shengbin/camera_ws/build/camera_calibration_parsers/test_results/camera_calibration_parsers/camera_calibration_parsers-parse_ini.gtest.xml'
-- run_test.py: verify result file '/home/shengbin/camera_ws/build/camera_calibration_parsers/test_results/camera_calibration_parsers/camera_calibration_parsers-parse_ini.gtest.xml'
</Value>
				</Measurement>
			</Results>
			<Labels>
				<Label>gtest</Label>
			</Labels>
		</Test>
		<Test Status="passed">
			<Name>camera_calibration_parsers-parse_yml</Name>
			<Path>.</Path>
			<FullName>./camera_calibration_parsers-parse_yml</FullName>
			<FullCommandLine>/usr/bin/python3.10 "-u" "/opt/ros/humble/share/ament_cmake_test/cmake/run_test.py" "/home/shengbin/camera_ws/build/camera_calibration_parsers/test_results/camera_calibration_parsers/camera_calibration_parsers-parse_yml.gtest.xml" "--package-name" "camera_calibration_parsers" "--output-file" "/home/shengbin/camera_ws/build/camera_calibration_parsers/ament_cmake_gtest/camera_calibration_parsers-parse_yml.txt" "--command" "/home/shengbin/camera_ws/build/camera_calibration_parsers/camera_calibration_parsers-parse_yml" "--gtest_output=xml:/home/shengbin/camera_ws/build/camera_calibration_parsers/test_results/camera_calibration_parsers/camera_calibration_parsers-parse_yml.gtest.xml"</FullCommandLine>
			<Results>
				<NamedMeasurement type="numeric/double" name="Execution Time">
					<Value>0.057107</Value>
				</NamedMeasurement>
				<NamedMeasurement type="numeric/double" name="Processors">
					<Value>1</Value>
				</NamedMeasurement>
				<NamedMeasurement type="text/string" name="Completion Status">
					<Value>Completed</Value>
				</NamedMeasurement>
				<NamedMeasurement type="text/string" name="Command Line">
					<Value>/usr/bin/python3.10 "-u" "/opt/ros/humble/share/ament_cmake_test/cmake/run_test.py" "/home/shengbin/camera_ws/build/camera_calibration_parsers/test_results/camera_calibration_parsers/camera_calibration_parsers-parse_yml.gtest.xml" "--package-name" "camera_calibration_parsers" "--output-file" "/home/shengbin/camera_ws/build/camera_calibration_parsers/ament_cmake_gtest/camera_calibration_parsers-parse_yml.txt" "--command" "/home/shengbin/camera_ws/build/camera_calibration_parsers/camera_calibration_parsers-parse_yml" "--gtest_output=xml:/home/shengbin/camera_ws/build/camera_calibration_parsers/test_results/camera_calibration_parsers/camera_calibration_parsers-parse_yml.gtest.xml"</Value>
				</NamedMeasurement>
				<NamedMeasurement type="text/string" name="Environment">
					<Value>#CTEST_RESOURCE_GROUP_COUNT=</Value>
				</NamedMeasurement>
				<Measurement>
					<Value>-- run_test.py: invoking following command in '/home/shengbin/camera_ws/build/camera_calibration_parsers':
 - /home/shengbin/camera_ws/build/camera_calibration_parsers/camera_calibration_parsers-parse_yml --gtest_output=xml:/home/shengbin/camera_ws/build/camera_calibration_parsers/test_results/camera_calibration_parsers/camera_calibration_parsers-parse_yml.gtest.xml
Running main() from /opt/ros/humble/src/gtest_vendor/src/gtest_main.cc
[==========] Running 5 tests from 1 test suite.
[----------] Global test environment set-up.
[----------] 5 tests from ParseYml
[ RUN      ] ParseYml.parse_valid_yml_calib5
[       OK ] ParseYml.parse_valid_yml_calib5 (0 ms)
[ RUN      ] ParseYml.parse_valid_yml_calib8
[       OK ] ParseYml.parse_valid_yml_calib8 (0 ms)
[ RUN      ] ParseYml.parse_invalid_yml_calib5
[WARN] [1697197962.843157345] [camera_calibration_parsers]: Exception parsing YAML camera calibration:
invalid node; first invalid key: "rows"
[       OK ] ParseYml.parse_invalid_yml_calib5 (1 ms)
[ RUN      ] ParseYml.roundtrip_calib5
[       OK ] ParseYml.roundtrip_calib5 (0 ms)
[ RUN      ] ParseYml.roundtrip_calib8
[       OK ] ParseYml.roundtrip_calib8 (0 ms)
[----------] 5 tests from ParseYml (1 ms total)

[----------] Global test environment tear-down
[==========] 5 tests from 1 test suite ran. (1 ms total)
[  PASSED  ] 5 tests.
-- run_test.py: return code 0
-- run_test.py: inject classname prefix into gtest result file '/home/shengbin/camera_ws/build/camera_calibration_parsers/test_results/camera_calibration_parsers/camera_calibration_parsers-parse_yml.gtest.xml'
-- run_test.py: verify result file '/home/shengbin/camera_ws/build/camera_calibration_parsers/test_results/camera_calibration_parsers/camera_calibration_parsers-parse_yml.gtest.xml'
</Value>
				</Measurement>
			</Results>
			<Labels>
				<Label>gtest</Label>
			</Labels>
		</Test>
		<EndDateTime>Oct 13 19:52 +08</EndDateTime>
		<EndTestTime>1697197962</EndTestTime>
		<ElapsedMinutes>0</ElapsedMinutes>
	</Testing>
</Site>
