[0.093s] Invoking command in '/home/shengbin/camera_ws/build/compressed_image_transport': AMENT_PREFIX_PATH=/home/shengbin/camera_ws/install/image_transport:/home/shengbin/camera_ws/install/cv_bridge:${AMENT_PREFIX_PATH} CMAKE_PREFIX_PATH=/home/shengbin/camera_ws/install/image_transport:/home/shengbin/camera_ws/install/cv_bridge:/opt/ros/humble LD_LIBRARY_PATH=/home/shengbin/camera_ws/install/image_transport/lib:/home/shengbin/camera_ws/install/cv_bridge/lib:${LD_LIBRARY_PATH} PYTHONPATH=/home/shengbin/camera_ws/install/cv_bridge/local/lib/python3.10/dist-packages:${PYTHONPATH} /usr/bin/cmake /home/shengbin/camera_ws/src/image_transport_plugins/compressed_image_transport -DCMAKE_INSTALL_PREFIX=/home/shengbin/camera_ws/install/compressed_image_transport
[0.127s] -- The C compiler identification is GNU 11.4.0
[0.167s] -- The CXX compiler identification is GNU 11.4.0
[0.172s] -- Detecting C compiler ABI info
[0.216s] -- Detecting C compiler ABI info - done
[0.221s] -- Check for working C compiler: /usr/bin/cc - skipped
[0.222s] -- Detecting C compile features
[0.222s] -- Detecting C compile features - done
[0.224s] -- Detecting CXX compiler ABI info
[0.275s] -- Detecting CXX compiler ABI info - done
[0.280s] -- Check for working CXX compiler: /usr/bin/c++ - skipped
[0.281s] -- Detecting CXX compile features
[0.281s] -- Detecting CXX compile features - done
[0.283s] -- Found ament_cmake: 1.3.5 (/opt/ros/humble/share/ament_cmake/cmake)
[0.410s] -- Found Python3: /usr/bin/python3.10 (found version "3.10.12") found components: Interpreter 
[0.479s] -- Found image_transport: 4.5.1 (/home/shengbin/camera_ws/install/image_transport/share/image_transport/cmake)
[0.510s] -- Found rosidl_generator_c: 3.1.5 (/opt/ros/humble/share/rosidl_generator_c/cmake)
[0.513s] -- Found rosidl_adapter: 3.1.5 (/opt/ros/humble/share/rosidl_adapter/cmake)
[0.519s] -- Found rosidl_generator_cpp: 3.1.5 (/opt/ros/humble/share/rosidl_generator_cpp/cmake)
[0.528s] -- Using all available rosidl_typesupport_c: rosidl_typesupport_fastrtps_c;rosidl_typesupport_introspection_c
[0.541s] -- Using all available rosidl_typesupport_cpp: rosidl_typesupport_fastrtps_cpp;rosidl_typesupport_introspection_cpp
[0.592s] -- Found rmw_implementation_cmake: 6.1.1 (/opt/ros/humble/share/rmw_implementation_cmake/cmake)
[0.593s] -- Found rmw_cyclonedds_cpp: 1.3.4 (/opt/ros/humble/share/rmw_cyclonedds_cpp/cmake)
[0.617s] -- Using RMW implementation 'rmw_cyclonedds_cpp' as default
[0.623s] -- Looking for pthread.h
[0.673s] -- Looking for pthread.h - found
[0.674s] -- Performing Test CMAKE_HAVE_LIBC_PTHREAD
[0.726s] -- Performing Test CMAKE_HAVE_LIBC_PTHREAD - Success
[0.727s] -- Found Threads: TRUE  
[0.978s] -- Found cv_bridge: 3.2.1 (/home/shengbin/camera_ws/install/cv_bridge/share/cv_bridge/cmake)
[0.992s] -- Found OpenCV: /usr (found version "4.5.4") 
[1.042s] -- Configuring done
[1.052s] -- Generating done
[1.053s] -- Build files have been written to: /home/shengbin/camera_ws/build/compressed_image_transport
[1.061s] Invoked command in '/home/shengbin/camera_ws/build/compressed_image_transport' returned '0': AMENT_PREFIX_PATH=/home/shengbin/camera_ws/install/image_transport:/home/shengbin/camera_ws/install/cv_bridge:${AMENT_PREFIX_PATH} CMAKE_PREFIX_PATH=/home/shengbin/camera_ws/install/image_transport:/home/shengbin/camera_ws/install/cv_bridge:/opt/ros/humble LD_LIBRARY_PATH=/home/shengbin/camera_ws/install/image_transport/lib:/home/shengbin/camera_ws/install/cv_bridge/lib:${LD_LIBRARY_PATH} PYTHONPATH=/home/shengbin/camera_ws/install/cv_bridge/local/lib/python3.10/dist-packages:${PYTHONPATH} /usr/bin/cmake /home/shengbin/camera_ws/src/image_transport_plugins/compressed_image_transport -DCMAKE_INSTALL_PREFIX=/home/shengbin/camera_ws/install/compressed_image_transport
[1.064s] Invoking command in '/home/shengbin/camera_ws/build/compressed_image_transport': AMENT_PREFIX_PATH=/home/shengbin/camera_ws/install/image_transport:/home/shengbin/camera_ws/install/cv_bridge:${AMENT_PREFIX_PATH} CMAKE_PREFIX_PATH=/home/shengbin/camera_ws/install/image_transport:/home/shengbin/camera_ws/install/cv_bridge:/opt/ros/humble LD_LIBRARY_PATH=/home/shengbin/camera_ws/install/image_transport/lib:/home/shengbin/camera_ws/install/cv_bridge/lib:${LD_LIBRARY_PATH} PYTHONPATH=/home/shengbin/camera_ws/install/cv_bridge/local/lib/python3.10/dist-packages:${PYTHONPATH} /usr/bin/cmake --build /home/shengbin/camera_ws/build/compressed_image_transport -- -j16 -l16
[1.097s] [ 25%] [32mBuilding CXX object CMakeFiles/compressed_image_transport.dir/src/compressed_publisher.cpp.o[0m
[1.101s] [ 50%] [32mBuilding CXX object CMakeFiles/compressed_image_transport.dir/src/compressed_subscriber.cpp.o[0m
[1.101s] [ 75%] [32mBuilding CXX object CMakeFiles/compressed_image_transport.dir/src/manifest.cpp.o[0m
[2.462s] In file included from [01m[K/home/shengbin/camera_ws/src/image_transport_plugins/compressed_image_transport/src/compressed_publisher.cpp:35[m[K:
[2.462s] [01m[K/home/shengbin/camera_ws/src/image_transport_plugins/compressed_image_transport/include/compressed_image_transport/compressed_publisher.h:60:8:[m[K [01;31m[Kerror: [m[Kâ€˜[01m[Kvoid compressed_image_transport::CompressedPublisher::advertiseImpl(rclcpp::Node*, const string&, rmw_qos_profile_t)[m[Kâ€™ marked â€˜[01m[Koverride[m[Kâ€™, but does not override
[2.462s]    60 |   void [01;31m[KadvertiseImpl[m[K(
[2.462s]       |        [01;31m[K^~~~~~~~~~~~~[m[K
[3.444s] In file included from [01m[K/home/shengbin/camera_ws/src/image_transport_plugins/compressed_image_transport/src/manifest.cpp:36[m[K:
[3.444s] [01m[K/home/shengbin/camera_ws/src/image_transport_plugins/compressed_image_transport/include/compressed_image_transport/compressed_publisher.h:60:8:[m[K [01;31m[Kerror: [m[Kâ€˜[01m[Kvoid compressed_image_transport::CompressedPublisher::advertiseImpl(rclcpp::Node*, const string&, rmw_qos_profile_t)[m[Kâ€™ marked â€˜[01m[Koverride[m[Kâ€™, but does not override
[3.444s]    60 |   void [01;31m[KadvertiseImpl[m[K(
[3.444s]       |        [01;31m[K^~~~~~~~~~~~~[m[K
[3.454s] In file included from [01m[K/home/shengbin/camera_ws/src/image_transport_plugins/compressed_image_transport/src/compressed_subscriber.cpp:35[m[K:
[3.455s] [01m[K/home/shengbin/camera_ws/src/image_transport_plugins/compressed_image_transport/include/compressed_image_transport/compressed_subscriber.h:59:8:[m[K [01;31m[Kerror: [m[Kâ€˜[01m[Kvoid compressed_image_transport::CompressedSubscriber::subscribeImpl(rclcpp::Node*, const string&, const Callback&, rmw_qos_profile_t)[m[Kâ€™ marked â€˜[01m[Koverride[m[Kâ€™, but does not override
[3.455s]    59 |   void [01;31m[KsubscribeImpl[m[K(
[3.455s]       |        [01;31m[K^~~~~~~~~~~~~[m[K
[3.468s] In file included from [01m[K/home/shengbin/camera_ws/src/image_transport_plugins/compressed_image_transport/src/manifest.cpp:37[m[K:
[3.468s] [01m[K/home/shengbin/camera_ws/src/image_transport_plugins/compressed_image_transport/include/compressed_image_transport/compressed_subscriber.h:59:8:[m[K [01;31m[Kerror: [m[Kâ€˜[01m[Kvoid compressed_image_transport::CompressedSubscriber::subscribeImpl(rclcpp::Node*, const string&, const Callback&, rmw_qos_profile_t)[m[Kâ€™ marked â€˜[01m[Koverride[m[Kâ€™, but does not override
[3.468s]    59 |   void [01;31m[KsubscribeImpl[m[K(
[3.468s]       |        [01;31m[K^~~~~~~~~~~~~[m[K
[3.658s] [01m[K/home/shengbin/camera_ws/src/image_transport_plugins/compressed_image_transport/src/compressed_publisher.cpp:[m[K In member function â€˜[01m[Kvoid compressed_image_transport::CompressedPublisher::advertiseImpl(rclcpp::Node*, const string&, rmw_qos_profile_t)[m[Kâ€™:
[3.658s] [01m[K/home/shengbin/camera_ws/src/image_transport_plugins/compressed_image_transport/src/compressed_publisher.cpp:67:22:[m[K [01;31m[Kerror: [m[Kno matching function for call to â€˜[01m[Kcompressed_image_transport::CompressedPublisher::advertiseImpl(rclcpp::Node*&, const string&, rmw_qos_profile_t&)[m[Kâ€™
[3.658s]    67 |   [01;31m[KBase::advertiseImpl(node, base_topic, custom_qos)[m[K;
[3.658s]       |   [01;31m[K~~~~~~~~~~~~~~~~~~~^~~~~~~~~~~~~~~~~~~~~~~~~~~~~~[m[K
[3.658s] In file included from [01m[K/home/shengbin/camera_ws/src/image_transport_plugins/compressed_image_transport/include/compressed_image_transport/compressed_publisher.h:39[m[K,
[3.658s]                  from [01m[K/home/shengbin/camera_ws/src/image_transport_plugins/compressed_image_transport/src/compressed_publisher.cpp:35[m[K:
[3.659s] [01m[K/home/shengbin/camera_ws/install/image_transport/include/image_transport/image_transport/simple_publisher_plugin.hpp:101:8:[m[K [01;36m[Knote: [m[Kcandidate: â€˜[01m[Kvoid image_transport::SimplePublisherPlugin<M>::advertiseImpl(rclcpp::Node*, const string&, rmw_qos_profile_t, rclcpp::PublisherOptions) [with M = sensor_msgs::msg::CompressedImage_<std::allocator<void> >; std::string = std::__cxx11::basic_string<char>; rmw_qos_profile_t = rmw_qos_profile_s; rclcpp::PublisherOptions = rclcpp::PublisherOptionsWithAllocator<std::allocator<void> >][m[Kâ€™
[3.659s]   101 |   void [01;36m[KadvertiseImpl[m[K(
[3.659s]       |        [01;36m[K^~~~~~~~~~~~~[m[K
[3.659s] [01m[K/home/shengbin/camera_ws/install/image_transport/include/image_transport/image_transport/simple_publisher_plugin.hpp:101:8:[m[K [01;36m[Knote: [m[K  candidate expects 4 arguments, 3 provided
[4.802s] gmake[2]: *** [CMakeFiles/compressed_image_transport.dir/build.make:76: CMakeFiles/compressed_image_transport.dir/src/compressed_publisher.cpp.o] Error 1
[4.802s] gmake[2]: *** Waiting for unfinished jobs....
[5.217s] [01m[K/home/shengbin/camera_ws/src/image_transport_plugins/compressed_image_transport/src/compressed_subscriber.cpp:[m[K In member function â€˜[01m[Kvirtual void compressed_image_transport::CompressedSubscriber::subscribeImpl(rclcpp::Node*, const string&, const Callback&, rmw_qos_profile_t, rclcpp::SubscriptionOptions)[m[Kâ€™:
[5.217s] [01m[K/home/shengbin/camera_ws/src/image_transport_plugins/compressed_image_transport/src/compressed_subscriber.cpp:78:11:[m[K [01;31m[Kerror: [m[Kâ€˜[01m[KsubscribeImplWithOptions[m[Kâ€™ is not a member of â€˜[01m[KBase[m[Kâ€™ {aka â€˜[01m[Kimage_transport::SimpleSubscriberPlugin<sensor_msgs::msg::CompressedImage_<std::allocator<void> > >[m[Kâ€™}
[5.217s]    78 |     Base::[01;31m[KsubscribeImplWithOptions[m[K(node, base_topic, callback, custom_qos, options);
[5.217s]       |           [01;31m[K^~~~~~~~~~~~~~~~~~~~~~~~[m[K
[7.585s] gmake[2]: *** [CMakeFiles/compressed_image_transport.dir/build.make:104: CMakeFiles/compressed_image_transport.dir/src/manifest.cpp.o] Error 1
[7.999s] gmake[2]: *** [CMakeFiles/compressed_image_transport.dir/build.make:90: CMakeFiles/compressed_image_transport.dir/src/compressed_subscriber.cpp.o] Error 1
[7.999s] gmake[1]: *** [CMakeFiles/Makefile2:137: CMakeFiles/compressed_image_transport.dir/all] Error 2
[7.999s] gmake: *** [Makefile:146: all] Error 2
[8.002s] Invoked command in '/home/shengbin/camera_ws/build/compressed_image_transport' returned '2': AMENT_PREFIX_PATH=/home/shengbin/camera_ws/install/image_transport:/home/shengbin/camera_ws/install/cv_bridge:${AMENT_PREFIX_PATH} CMAKE_PREFIX_PATH=/home/shengbin/camera_ws/install/image_transport:/home/shengbin/camera_ws/install/cv_bridge:/opt/ros/humble LD_LIBRARY_PATH=/home/shengbin/camera_ws/install/image_transport/lib:/home/shengbin/camera_ws/install/cv_bridge/lib:${LD_LIBRARY_PATH} PYTHONPATH=/home/shengbin/camera_ws/install/cv_bridge/local/lib/python3.10/dist-packages:${PYTHONPATH} /usr/bin/cmake --build /home/shengbin/camera_ws/build/compressed_image_transport -- -j16 -l16
